Log Location: D:\TomcatIIQBatch22\webapps\IIQBatch22\WEB-INF\bin\patch_8_2p1_120221_092243.log

-------------------------
 Executing Patch [8.2p1] 
-------------------------
LCM Enabled.  Importing LCM Patch [8.2p1]


[1/2] Include: WEB-INF/config/patch/identityiq-8.2p1-objects.xml
Include: WEB-INF/config/patch/identityiq-8.2p1-objects.xml
Include: WEB-INF/config/connector/AWS.xml
Include: WEB-INF/config/connector/AIX-Direct.xml
Include: WEB-INF/config/connector/Linux-Direct.xml
Include: WEB-INF/config/connector/Solaris-Direct.xml
Include: WEB-INF/config/connector/Workday.xml
Include: WEB-INF/config/connector/WorkdayAccounts.xml
Include: WEB-INF/config/connector/AzureADConnector.xml
Include: WEB-INF/config/connector/Meditech.xml
Include: WEB-INF/config/connector/Salesforce.xml
    - Elapsed Time: 3 seconds

[2/2] Include: WEB-INF/config/patch/identityiq-lcm-8.2p1-objects.xml
Include: WEB-INF/config/patch/identityiq-lcm-8.2p1-objects.xml
    - Elapsed Time: 63 milliseconds

-----------------
 Upgrade Summary 
-----------------
     Elapsed Time: 37 seconds
     Log Location: D:\TomcatIIQBatch22\webapps\IIQBatch22\WEB-INF\bin\patch_8_2p1_120221_092243.log
Commands Executed: 2
	- Include: WEB-INF/config/patch/identityiq-8.2p1-objects.xml     [OK] (3s)
	- Include: WEB-INF/config/patch/identityiq-lcm-8.2p1-objects.xml [OK] (63ms)


-------------------------------------
 Patch [8.2p1] applied successfully! 
-------------------------------------
